Start server... port : 9312
Start server... port : 9312
Start server... port : 9312
Map {
  1 => { season: 1, title: 'Breaking Bad', episode: 1 },
  2 => { season: 1, title: 'Breaking Bad', episode: 2 },
  3 => { season: 1, title: 'Prison Break', episode: 1 } }
Start server... port : 9312
Map {
  1 => { season: 1, title: 'Breaking Bad', episode: 1 },
  2 => { season: 1, title: 'Breaking Bad', episode: 2 },
  3 => { season: 1, title: 'Prison Break', episode: 1 } }
Map {
  1 => { season: 1, title: 'Breaking Bad', episode: 1 },
  2 => { season: 1, title: 'Breaking Bad', episode: 2 },
  3 => { season: 1, title: 'Prison Break', episode: 1 } }
Start server... port : 9312
Start server... port : 9312
Start server... port : 9312
Start server... port : 9312
Start server... port : 9312
Start server... port : 9312
Start server... port : 9312
Start server... port : 9312
Start server... port : 9312
Start server... port : 9312
Start server... port : 9312
Start server... port : 9312
Start server... port : 9312
Start server... port : 9312
Start server... port : 9312
Start server... port : 9312
Start server... port : 9312
Start server... port : 9312
Start server... port : 9312
Start server... port : 9312
Start server... port : 9312
Start server... port : 9312
Start server... port : 9312
Start server... port : 9312
Start server... port : 9312
Start server... port : 9312
Start server... port : 9312
Start server... port : 9312
Start server... port : 9312
Start server... port : 9312
Start server... port : 9312
<Buffer 7b 22 74 69 74 6c 65 22 3a 22 54 68 65 20 42 69 67 20 42 61 6e 67 20 54 68 65 6f 72 79 22 2c 22 73 65 61 73 6f 6e 22 3a 31 2c 22 65 70 69 73 6f 64 65 ... >
Start server... port : 9312
<Buffer 7b 22 74 69 74 6c 65 22 3a 22 54 68 65 20 42 69 67 20 42 61 6e 67 20 54 68 65 6f 72 79 22 2c 22 73 65 61 73 6f 6e 22 3a 31 2c 22 65 70 69 73 6f 64 65 ... >
Start server... port : 9312
<Buffer 7b 22 74 69 74 6c 65 22 3a 22 54 68 65 20 42 69 67 20 42 61 6e 67 20 54 68 65 6f 72 79 22 2c 22 73 65 61 73 6f 6e 22 3a 31 2c 22 65 70 69 73 6f 64 65 ... >
Start server... port : 9312
Start server... port : 9312
Start server... port : 9312
Start server... port : 9312
ok
Start server... port : 9312
fs356tg9zfr
Start server... port : 9312
{ title: 'The Big Bang Theory', season: 1, episode: 1 }
Start server... port : 9312
{ title: 'The Big Bang Theory', season: 1, episode: 1 }
Start server... port : 9312
{ title: 'The Big Bang Theory', season: 1, episode: 1 }
{ title: 'The Big Bang Theory', season: 1, episode: 1 }
Start server... port : 9312
<Buffer 7b 22 74 69 74 6c 65 22 3a 22 54 68 65 20 42 69 67 20 42 61 6e 67 20 54 68 65 6f 72 79 22 2c 22 73 65 61 73 6f 6e 22 3a 31 2c 22 65 70 69 73 6f 64 65 ... >
{ title: 'The Big Bang Theory', season: 1, episode: 1 }
Start server... port : 9312
Start server... port : 9312
{ title: 'The Big Bang Theory',
  season: 1,
  episode: 1,
  id: 'rshd8epzaor' }
Start server... port : 9312
{ title: 'The Big Bang Theory',
  season: 1,
  episode: 1,
  id: 'bwiss6vfgvi' }
Start server... port : 9312
{ title: 'The Big Bang Theory',
  season: 1,
  episode: 1,
  id: 'vc1mw9afw29' }
Start server... port : 9312
{ title: 'The Big Bang Theory',
  season: 1,
  episode: 1,
  id: 'lklt6q4obt9' }
Start server... port : 9312
aaaaa
q500oqlrf6r
Start server... port : 9312
undefined
Start server... port : 9312
aaaaa
undefined
Start server... port : 9312
aaaaa
Map {
  'rxwryue4s4i' => { title: 'The Big Bang Theory',
  season: 1,
  episode: 1,
  id: 'rxwryue4s4i' } }
undefined
Start server... port : 9312
aaaaa
Map {
  'j73pszl4n29' => { title: 'The Big Bang Theory',
  season: 1,
  episode: 1,
  id: 'j73pszl4n29' } }
null
j73pszl4n29
Map {
  'j73pszl4n29' => { title: 'The Big Bang Theory',
  season: 1,
  episode: 1,
  id: 'j73pszl4n29' } }
{ title: 'The Big Bang Theory',
  season: 1,
  episode: 1,
  id: 'j73pszl4n29' }
Start server... port : 9312
aaaaa
Map {
  '4yjm6mndn29' => { title: 'The Big Bang Theory',
  season: 1,
  episode: 1,
  id: '4yjm6mndn29' } }
null
4yjm6mndn29
Map {
  '4yjm6mndn29' => { title: 'The Big Bang Theory',
  season: 1,
  episode: 1,
  id: '4yjm6mndn29' } }
{ title: 'The Big Bang Theory',
  season: 1,
  episode: 1,
  id: '4yjm6mndn29' }
Start server... port : 9312
aaaaa
Map {
  '7f908wd0a4i' => { title: 'The Big Bang Theory',
  season: 1,
  episode: 1,
  id: '7f908wd0a4i' } }
null
7f908wd0a4i
Map {
  '7f908wd0a4i' => { title: 'The Big Bang Theory',
  season: 1,
  episode: 1,
  id: '7f908wd0a4i' } }
{ title: 'The Big Bang Theory',
  season: 1,
  episode: 1,
  id: '7f908wd0a4i' }
Start server... port : 9312
Start server... port : 9312
Start server... port : 9312
Start server... port : 9313
Start server... port : 9313
Start server... port : 9313
Start server... port : 9312
Start server... port : 9312
Start server... port : 9312
Start server... port : 9312
Start server... port : 9312
Start server... port : 9312
Start server... port : 9312
Start server... port : 9312
Start server... port : 9312
Start server... port : 9312
Map {
  'c8ullpfzuxr' => { title: 'The Big Bang Theory',
  season: 1,
  episode: 1,
  id: 'c8ullpfzuxr' } }
Map {
  'c8ullpfzuxr' => { title: 'The Big Bang Theory',
  season: 1,
  episode: 1,
  id: 'c8ullpfzuxr' } }
Start server... port : 9312
Map {
  'xpmz7jk0529' => { title: 'The Big Bang Theory',
  season: 1,
  episode: 1,
  id: 'xpmz7jk0529' } }
Map {
  'xpmz7jk0529' => { title: 'The Big Bang Theory',
  season: 1,
  episode: 1,
  id: 'xpmz7jk0529' } }
Start server... port : 9312
1
2
Start server... port : 9312
2
3
Start server... port : 9312
1
1
1
1
1
1
1
1
1
Start server... port : 9312
Start server... port : 9312
1
